$GNRMC,035158.00,A,3353.65966,S,15111.82937,E,0.006,,160715,,,D*70
$GNVTG,,T,,M,0.006,N,0.012,K,D*3D
$GNGGA,035158.00,3353.65966,S,15111.82937,E,2,12,0.58,37.9,M,19.2,M,,0000*61
$GNGSA,A,3,04,11,14,22,31,32,01,03,25,26,23,16,1.01,0.58,0.82*1E
$GNGSA,A,3,77,78,82,76,68,66,67,,,,,,1.01,0.58,0.82*10
$GPGSV,4,1,14,01,51,274,40,03,37,224,44,04,48,318,46,11,33,295,48*78
$GPGSV,4,2,14,14,17,119,38,16,05,020,28,22,14,059,34,23,24,269,44*75
$GPGSV,4,3,14,25,10,131,40,26,19,044,39,31,68,112,44,32,72,182,50*78
$GPGSV,4,4,14,42,49,340,44,50,50,349,43*79
$GLGSV,2,1,08,66,37,099,44,67,53,180,41,68,15,229,40,76,34,142,42*61
$GLGSV,2,2,08,77,66,055,43,78,24,356,42,82,16,290,43,83,15,234,43*69
$GNGLL,3353.65966,S,15111.82937,E,035158.00,A,D*6B
$GNTXT,01,01,02,u-blox AG - www.u-blox.com*4E
$GNTXT,01,01,02,HW UBX-M80xx 00080000 *43
$GNTXT,01,01,02,EXT CORE 2.01 (75350) Oct 29 2013 16:15:41*5C
$GNTXT,01,01,02,ROM BASE 2.01 (75331) Oct 29 2013 13:28:17*44
$GNTXT,01,01,02,MOD NEO-M8N-0*7A
$GNTXT,01,01,02,PROTVER 15.00*01
$GNTXT,01,01,02,GNSS OTP:  GPS GLO, SEL:  GPS GLO*67
$GNTXT,01,01,02,ANTSUPERV=AC SD PDoS SR*3E
$GNTXT,01,01,02,ANTSTATUS=OK*25
$GNTXT,01,01,02,FIS 0xEF4015 (79189) found*2D
$GNTXT,01,01,02,LLC FFFFFFFF-FFFFFFED-FFFFFFFF-FFFFFFFF-FFFFFF69*3E
$GNRMC,035159.00,A,3353.65965,S,15111.82936,E,0.007,,160715,,,D*72
$GNVTG,,T,,M,0.007,N,0.013,K,D*3D
$GNGGA,035159.00,3353.65965,S,15111.82936,E,2,12,0.58,37.9,M,19.2,M,,0000*62
$GNGSA,A,3,04,11,14,22,31,32,01,03,25,26,23,16,1.01,0.58,0.82*1E
$GNGSA,A,3,77,78,82,76,68,66,67,,,,,,1.01,0.58,0.82*10
$GPGSV,4,1,14,01,51,274,39,03,37,224,44,04,48,318,46,11,33,295,48*76
$GPGSV,4,2,14,14,17,119,38,16,05,020,27,22,14,059,34,23,24,269,44*7A
$GPGSV,4,3,14,25,10,131,40,26,19,044,39,31,68,112,44,32,72,182,50*78
$GPGSV,4,4,14,42,49,340,43,50,50,349,43*7E
$GLGSV,2,1,08,66,37,099,44,67,53,180,41,68,15,229,40,76,34,142,42*61
$GLGSV,2,2,08,77,66,055,43,78,24,356,42,82,16,290,43,83,15,234,43*69
$GNGLL,3353.65965,S,15111.82936,E,035159.00,A,D*68
$GNRMC,035200.00,A,3353.65964,S,15111.82934,E,0.007,,160715,,,D*7E
$GNVTG,,T,,M,0.007,N,0.013,K,D*3D
$GNGGA,035200.00,3353.65964,S,15111.82934,E,2,12,0.58,37.9,M,19.2,M,,0000*6E
$GNGSA,A,3,04,11,14,22,31,32,01,03,25,26,23,16,1.01,0.58,0.82*1E
$GNGSA,A,3,77,78,82,76,68,66,67,,,,,,1.01,0.58,0.82*10
$GPGSV,4,1,14,01,51,274,39,03,37,224,44,04,48,318,46,11,33,295,48*76
$GPGSV,4,2,14,14,17,119,38,16,05,020,27,22,14,059,34,23,24,269,44*7A
$GPGSV,4,3,14,25,10,131,40,26,19,044,39,31,68,112,44,32,72,182,50*78
$GPGSV,4,4,14,42,49,340,43,50,50,349,43*7E
$GLGSV,2,1,08,66,37,099,44,67,53,180,41,68,15,229,39,76,34,142,42*6F
$GLGSV,2,2,08,77,66,055,43,78,24,356,42,82,16,290,43,83,15,234,43*69
$GNGLL,3353.65964,S,15111.82934,E,035200.00,A,D*64
$GNRMC,035201.00,A,3353.65963,S,15111.82933,E,0.008,,160715,,,D*70
$GNVTG,,T,,M,0.008,N,0.016,K,D*37
$GNGGA,035201.00,3353.65963,S,15111.82933,E,2,12,0.58,37.9,M,19.2,M,,0000*6F
$GNGSA,A,3,04,11,14,22,31,32,01,03,25,26,23,16,1.01,0.58,0.82*1E
$GNGSA,A,3,77,78,82,76,68,66,67,,,,,,1.01,0.58,0.82*10
$GPGSV,4,1,14,01,51,274,39,03,37,224,44,04,48,318,46,11,33,295,48*76
$GPGSV,4,2,14,14,17,119,38,16,05,020,27,22,14,059,34,23,24,269,44*7A
$GPGSV,4,3,14,25,10,131,40,26,19,044,39,31,67,113,44,32,72,182,50*76
$GPGSV,4,4,14,42,49,340,43,50,50,349,43*7E
$GLGSV,2,1,08,66,37,099,44,67,53,180,41,68,15,229,39,76,34,142,42*6F
$GLGSV,2,2,08,77,66,055,43,78,24,356,42,82,16,290,43,83,15,234,43*69
$GNGLL,3353.65963,S,15111.82933,E,035201.00,A,D*65
$GNRMC,035202.00,A,3353.65962,S,15111.82932,E,0.010,,160715,,,D*7A
$GNVTG,,T,,M,0.010,N,0.018,K,D*30
$GNGGA,035202.00,3353.65962,S,15111.82932,E,2,12,0.58,37.9,M,19.2,M,,0000*6C
$GNGSA,A,3,04,11,14,22,31,32,01,03,25,26,23,16,1.01,0.58,0.82*1E
$GNGSA,A,3,77,78,82,76,68,66,67,,,,,,1.01,0.58,0.82*10
$GPGSV,4,1,14,01,51,274,39,03,37,224,44,04,48,318,46,11,33,295,48*76
$GPGSV,4,2,14,14,17,119,38,16,05,020,27,22,14,059,34,23,24,269,44*7A
$GPGSV,4,3,14,25,10,131,40,26,19,044,39,31,67,113,44,32,73,181,50*74
$GPGSV,4,4,14,42,49,340,43,50,50,349,43*7E
$GLGSV,2,1,08,66,37,099,45,67,53,180,41,68,15,229,39,76,34,142,42*6E
$GLGSV,2,2,08,77,66,055,43,78,24,356,42,82,16,290,43,83,15,234,43*69
$GNGLL,3353.65962,S,15111.82932,E,035202.00,A,D*66
$GNRMC,035203.00,A,3353.65961,S,15111.82931,E,0.008,,160715,,,D*72
$GNVTG,,T,,M,0.008,N,0.016,K,D*37
$GNGGA,035203.00,3353.65961,S,15111.82931,E,2,12,0.58,37.9,M,19.2,M,,0000*6D
$GNGSA,A,3,04,11,14,22,31,32,01,03,25,26,23,16,1.01,0.58,0.82*1E
$GNGSA,A,3,77,78,82,76,68,66,67,,,,,,1.01,0.58,0.82*10
$GPGSV,4,1,14,01,51,274,39,03,37,224,44,04,48,318,46,11,33,295,48*76
$GPGSV,4,2,14,14,17,119,38,16,05,020,27,22,14,059,34,23,24,269,44*7A
$GPGSV,4,3,14,25,10,131,40,26,19,044,39,31,67,113,44,32,73,181,50*74
$GPGSV,4,4,14,42,49,340,43,50,50,349,43*7E
$GLGSV,2,1,08,66,37,099,44,67,53,180,41,68,15,229,39,76,34,142,42*6F
$GLGSV,2,2,08,77,66,055,43,78,24,356,42,82,16,290,43,83,15,234,43*69
$GNGLL,3353.65961,S,15111.82931,E,035203.00,A,D*67
$GNRMC,035204.00,A,3353.65960,S,15111.82930,E,0.007,,160715,,,D*7A
$GNVTG,,T,,M,0.007,N,0.013,K,D*3D
$GNGGA,035204.00,3353.65960,S,15111.82930,E,2,12,0.58,37.9,M,19.2,M,,0000*6A
$GNGSA,A,3,04,11,14,22,31,32,01,03,25,26,23,16,1.01,0.58,0.82*1E
$GNGSA,A,3,77,78,82,76,68,66,67,,,,,,1.01,0.58,0.82*10
$GPGSV,4,1,14,01,51,274,39,03,37,224,44,04,48,318,46,11,33,295,48*76
$GPGSV,4,2,14,14,17,119,38,16,05,020,27,22,14,059,35,23,24,269,44*7B
$GPGSV,4,3,14,25,10,131,40,26,19,044,39,31,67,113,44,32,73,181,50*74
$GPGSV,4,4,14,42,49,340,43,50,50,349,43*7E
$GLGSV,2,1,08,66,37,099,44,67,53,180,41,68,15,229,39,76,34,142,42*6F
$GLGSV,2,2,08,77,66,055,43,78,24,356,42,82,16,290,43,83,15,234,43*69
$GNGLL,3353.65960,S,15111.82930,E,035204.00,A,D*60
$GNRMC,035205.00,A,3353.65960,S,15111.82930,E,0.007,,160715,,,D*7B
$GNVTG,,T,,M,0.007,N,0.013,K,D*3D
$GNGGA,035205.00,3353.65960,S,15111.82930,E,2,12,0.58,37.8,M,19.2,M,,0000*6A
$GNGSA,A,3,04,11,14,22,31,32,01,03,25,26,23,16,1.01,0.58,0.82*1E
$GNGSA,A,3,77,78,82,76,68,66,67,,,,,,1.01,0.58,0.82*10
$GPGSV,4,1,14,01,51,274,39,03,37,224,44,04,48,318,45,11,33,295,48*75
$GPGSV,4,2,14,14,17,119,38,16,05,020,27,22,14,059,35,23,24,269,44*7B
$GPGSV,4,3,14,25,10,131,40,26,19,044,39,31,67,113,44,32,73,181,50*74
$GPGSV,4,4,14,42,49,340,43,50,50,349,43*7E
$GLGSV,2,1,08,66,37,099,44,67,53,180,41,68,15,229,39,76,34,142,42*6F
$GLGSV,2,2,08,77,66,055,43,78,24,356,42,82,16,290,43,83,15,234,43*69
$GNGLL,3353.65960,S,15111.82930,E,035205.00,A,D*61
$GNRMC,035206.00,A,3353.65960,S,15111.82930,E,0.005,,160715,,,D*7A
$GNVTG,,T,,M,0.005,N,0.010,K,D*3C
$GNGGA,035206.00,3353.65960,S,15111.82930,E,2,12,0.58,37.8,M,19.2,M,,0000*69
$GNGSA,A,3,04,11,14,22,31,32,01,03,25,26,23,16,1.01,0.58,0.83*1F
$GNGSA,A,3,77,78,82,76,68,66,67,,,,,,1.01,0.58,0.83*11
$GPGSV,4,1,14,01,51,274,39,03,37,224,44,04,48,318,46,11,33,295,48*76
$GPGSV,4,2,14,14,17,119,38,16,05,020,27,22,14,059,34,23,24,269,43*7D
$GPGSV,4,3,14,25,10,131,39,26,19,044,39,31,67,113,44,32,73,181,50*7A
$GPGSV,4,4,14,42,49,340,43,50,50,349,43*7E
$GLGSV,2,1,08,66,37,099,44,67,53,180,41,68,15,229,40,76,34,142,42*61
$GLGSV,2,2,08,77,66,055,43,78,24,356,42,82,16,290,43,83,15,234,43*69
$GNGLL,3353.65960,S,15111.82930,E,035206.00,A,D*62
$GNRMC,035207.00,A,3353.65959,S,15111.82930,E,0.004,,160715,,,D*70
$GNVTG,,T,,M,0.004,N,0.008,K,D*34
$GNGGA,035207.00,3353.65959,S,15111.82930,E,2,12,0.58,37.8,M,19.2,M,,0000*62
$GNGSA,A,3,04,11,14,22,31,32,01,03,25,26,23,16,1.01,0.58,0.83*1F
$GNGSA,A,3,77,78,82,76,68,66,67,,,,,,1.01,0.58,0.83*11
$GPGSV,4,1,14,01,51,274,39,03,37,224,44,04,48,318,46,11,33,295,48*76
$GPGSV,4,2,14,14,17,119,38,16,05,020,28,22,14,059,34,23,24,269,43*72
$GPGSV,4,3,14,25,10,131,39,26,19,044,39,31,67,113,44,32,73,181,50*7A
$GPGSV,4,4,14,42,49,340,43,50,50,349,43*7E
$GLGSV,2,1,08,66,37,099,44,67,53,180,41,68,15,229,40,76,34,142,42*61
$GLGSV,2,2,08,77,66,055,43,78,24,356,42,82,16,290,43,83,15,234,43*69
$GNGLL,3353.65959,S,15111.82930,E,035207.00,A,D*69
$GNRMC,035208.00,A,3353.65959,S,15111.82930,E,0.005,,160715,,,D*7E
$GNVTG,,T,,M,0.005,N,0.009,K,D*34
$GNGGA,035208.00,3353.65959,S,15111.82930,E,2,12,0.58,37.7,M,19.2,M,,0000*62
$GNGSA,A,3,04,11,14,22,31,32,01,03,25,26,23,16,1.01,0.58,0.83*1F
$GNGSA,A,3,77,78,82,76,68,66,67,,,,,,1.01,0.58,0.83*11
$GPGSV,4,1,14,01,51,274,39,03,37,224,44,04,48,318,45,11,33,295,48*75
$GPGSV,4,2,14,14,17,119,38,16,05,020,28,22,14,059,35,23,24,269,43*73
$GPGSV,4,3,14,25,10,131,39,26,19,044,39,31,67,113,44,32,73,181,50*7A
$GPGSV,4,4,14,42,49,340,43,50,50,349,43*7E
$GLGSV,2,1,08,66,37,099,44,67,53,180,41,68,15,229,40,76,34,142,42*61
$GLGSV,2,2,08,77,66,055,43,78,24,356,42,82,16,290,43,83,15,234,43*69
$GNGLL,3353.65959,S,15111.82930,E,035208.00,A,D*66
$GNRMC,035209.00,A,3353.65959,S,15111.82929,E,0.001,,160715,,,D*73
$GNVTG,,T,,M,0.001,N,0.002,K,D*3B
$GNGGA,035209.00,3353.65959,S,15111.82929,E,2,12,0.58,37.7,M,19.2,M,,0000*6B
$GNGSA,A,3,04,11,14,22,31,32,01,03,25,26,23,16,1.01,0.58,0.83*1F
$GNGSA,A,3,77,78,82,76,68,66,67,,,,,,1.01,0.58,0.83*11
$GPGSV,4,1,14,01,51,274,39,03,37,224,44,04,48,318,45,11,33,295,48*75
$GPGSV,4,2,14,14,17,119,37,16,05,020,28,22,14,059,35,23,24,269,43*7C
$GPGSV,4,3,14,25,10,131,39,26,19,044,39,31,67,113,45,32,73,181,50*7B
$GPGSV,4,4,14,42,49,340,43,50,50,349,43*7E
$GLGSV,2,1,08,66,37,099,44,67,53,180,41,68,15,229,40,76,34,142,42*61
$GLGSV,2,2,08,77,66,055,43,78,24,356,42,82,16,290,43,83,15,234,43*69
$GNGLL,3353.65959,S,15111.82929,E,035209.00,A,D*6F
$GNRMC,035210.00,A,3353.65959,S,15111.82928,E,0.004,,160715,,,D*7F
$GNVTG,,T,,M,0.004,N,0.008,K,D*34
$GNGGA,035210.00,3353.65959,S,15111.82928,E,2,12,0.58,37.7,M,19.2,M,,0000*62
$GNGSA,A,3,04,11,14,22,31,32,01,03,25,26,23,16,1.01,0.58,0.83*1F
$GNGSA,A,3,77,78,82,76,68,66,67,,,,,,1.01,0.58,0.83*11
$GPGSV,4,1,14,01,51,274,39,03,37,224,44,04,48,318,45,11,33,295,48*75
$GPGSV,4,2,14,14,17,119,37,16,05,020,28,22,14,059,35,23,24,269,43*7C
$GPGSV,4,3,14,25,10,131,39,26,19,044,39,31,67,113,45,32,73,181,50*7B
$GPGSV,4,4,14,42,49,340,43,50,50,349,43*7E
$GLGSV,2,1,08,66,37,099,44,67,53,180,42,68,15,229,40,76,34,142,42*62
$GLGSV,2,2,08,77,66,055,43,78,24,356,42,82,16,290,43,83,15,234,43*69
$GNGLL,3353.65959,S,15111.82928,E,035210.00,A,D*66
$GNRMC,035211.00,A,3353.65960,S,15111.82928,E,0.005,,160715,,,D*75
$GNVTG,,T,,M,0.005,N,0.009,K,D*34
$GNGGA,035211.00,3353.65960,S,15111.82928,E,2,12,0.58,37.7,M,19.2,M,,0000*69
$GNGSA,A,3,04,11,14,22,31,32,01,03,25,26,23,16,1.01,0.58,0.83*1F
$GNGSA,A,3,77,78,82,76,68,66,67,,,,,,1.01,0.58,0.83*11
$GPGSV,4,1,14,01,51,274,39,03,37,224,44,04,48,318,46,11,33,295,48*76
$GPGSV,4,2,14,14,17,119,37,16,05,020,28,22,14,059,35,23,24,269,43*7C
$GPGSV,4,3,14,25,10,131,39,26,19,044,39,31,67,113,45,32,73,181,50*7B
$GPGSV,4,4,14,42,49,340,43,50,50,349,43*7E
$GLGSV,2,1,08,66,37,099,45,67,53,180,42,68,15,229,40,76,34,142,42*63
$GLGSV,2,2,08,77,66,055,43,78,24,356,42,82,16,290,43,83,15,234,43*69
$GNGLL,3353.65960,S,15111.82928,E,035211.00,A,D*6D
$GNRMC,035212.00,A,3353.65959,S,15111.82928,E,0.011,,160715,,,D*79
$GNVTG,,T,,M,0.011,N,0.020,K,D*3A
$GNGGA,035212.00,3353.65959,S,15111.82928,E,2,12,0.58,37.7,M,19.2,M,,0000*60
$GNGSA,A,3,04,11,14,22,31,32,01,03,25,26,23,16,1.01,0.58,0.83*1F
$GNGSA,A,3,77,78,82,76,68,66,67,,,,,,1.01,0.58,0.83*11
$GPGSV,4,1,14,01,51,274,39,03,37,224,44,04,48,318,46,11,33,295,48*76
$GPGSV,4,2,14,14,17,119,37,16,05,020,28,22,14,059,35,23,24,269,43*7C
$GPGSV,4,3,14,25,10,131,39,26,19,044,39,31,67,113,45,32,73,181,50*7B
$GPGSV,4,4,14,42,49,340,43,50,50,349,43*7E
$GLGSV,2,1,08,66,37,099,45,67,53,180,42,68,15,229,40,76,34,142,42*63
$GLGSV,2,2,08,77,66,055,43,78,24,356,42,82,16,290,43,83,15,234,43*69
$GNGLL,3353.65959,S,15111.82928,E,035212.00,A,D*64
$GNRMC,035213.00,A,3353.65959,S,15111.82927,E,0.010,,160715,,,D*76
$GNVTG,,T,,M,0.010,N,0.018,K,D*30
$GNGGA,035213.00,3353.65959,S,15111.82927,E,2,12,0.58,37.6,M,19.2,M,,0000*6F
$GNGSA,A,3,04,11,14,22,31,32,01,03,25,26,23,16,1.01,0.58,0.83*1F
$GNGSA,A,3,77,78,82,76,68,66,67,,,,,,1.01,0.58,0.83*11
$GPGSV,4,1,14,01,51,274,39,03,37,224,44,04,48,318,46,11,33,295,48*76
$GPGSV,4,2,14,14,17,119,37,16,05,020,29,22,14,059,35,23,24,269,43*7D
$GPGSV,4,3,14,25,10,131,39,26,19,044,39,31,67,113,45,32,73,181,50*7B
$GPGSV,4,4,14,42,49,340,43,50,50,349,43*7E
$GLGSV,2,1,08,66,37,099,45,67,53,180,41,68,15,229,40,76,34,142,42*60
$GLGSV,2,2,08,77,66,055,43,78,24,356,42,82,16,290,43,83,15,234,43*69
$GNGLL,3353.65959,S,15111.82927,E,035213.00,A,D*6A
$GNRMC,035214.00,A,3353.65959,S,15111.82926,E,0.007,,160715,,,D*76
$GNVTG,,T,,M,0.007,N,0.013,K,D*3D
$GNGGA,035214.00,3353.65959,S,15111.82926,E,2,12,0.58,37.6,M,19.2,M,,0000*69
$GNGSA,A,3,04,11,14,22,31,32,01,03,25,26,23,16,1.01,0.58,0.83*1F
$GNGSA,A,3,77,78,82,76,68,66,67,,,,,,1.01,0.58,0.83*11
$GPGSV,4,1,14,01,51,274,39,03,37,224,44,04,48,318,46,11,33,295,48*76
$GPGSV,4,2,14,14,17,119,37,16,05,020,28,22,14,059,35,23,24,269,43*7C
$GPGSV,4,3,14,25,10,131,39,26,19,044,39,31,67,113,45,32,73,181,50*7B
$GPGSV,4,4,14,42,49,340,43,50,50,349,43*7E
$GLGSV,2,1,08,66,37,099,45,67,53,180,42,68,15,229,40,76,34,142,42*63
$GLGSV,2,2,08,77,66,055,43,78,24,356,42,82,16,290,43,83,15,234,43*69
$GNGLL,3353.65959,S,15111.82926,E,035214.00,A,D*6C
$GNRMC,035215.00,A,3353.65959,S,15111.82926,E,0.011,,160715,,,D*70
$GNVTG,,T,,M,0.011,N,0.020,K,D*3A
$GNGGA,035215.00,3353.65959,S,15111.82926,E,2,12,0.58,37.6,M,19.2,M,,0000*68
$GNGSA,A,3,04,11,14,22,31,32,01,03,25,26,23,16,1.01,0.58,0.83*1F
$GNGSA,A,3,77,78,82,76,68,66,67,,,,,,1.01,0.58,0.83*11
$GPGSV,4,1,14,01,51,274,39,03,37,224,44,04,48,318,46,11,33,295,48*76
$GPGSV,4,2,14,14,17,119,37,16,05,020,28,22,14,059,35,23,24,269,43*7C
$GPGSV,4,3,14,25,10,131,38,26,19,044,39,31,67,113,44,32,73,181,50*7B
$GPGSV,4,4,14,42,49,340,43,50,50,349,43*7E
$GLGSV,2,1,08,66,37,099,45,67,53,180,42,68,15,229,40,76,34,142,42*63
$GLGSV,2,2,08,77,66,055,43,78,24,356,42,82,16,290,43,83,15,234,43*69
$GNGLL,3353.65959,S,15111.82926,E,035215.00,A,D*6D
$GNRMC,035216.00,A,3353.65960,S,15111.82926,E,0.010,,160715,,,D*78
$GNVTG,,T,,M,0.010,N,0.018,K,D*30
$GNGGA,035216.00,3353.65960,S,15111.82926,E,2,12,0.58,37.5,M,19.2,M,,0000*62
$GNGSA,A,3,04,11,14,22,31,32,01,03,25,26,23,16,1.01,0.58,0.83*1F
$GNGSA,A,3,77,78,82,76,68,66,67,,,,,,1.01,0.58,0.83*11
$GPGSV,4,1,14,01,51,274,39,03,37,224,44,04,48,318,45,11,33,295,47*7A
$GPGSV,4,2,14,14,17,119,37,16,05,020,28,22,14,059,35,23,24,269,43*7C
$GPGSV,4,3,14,25,10,131,38,26,19,044,39,31,67,113,45,32,73,181,50*7A
$GPGSV,4,4,14,42,49,340,43,50,50,349,43*7E
$GLGSV,2,1,08,66,37,098,45,67,53,180,41,68,15,229,39,76,34,142,42*6F
$GLGSV,2,2,08,77,66,055,43,78,24,356,42,82,16,290,43,83,15,234,43*69
$GNGLL,3353.65960,S,15111.82926,E,035216.00,A,D*64
$GNRMC,035217.00,A,3353.65961,S,15111.82925,E,0.008,,160715,,,D*72
$GNVTG,,T,,M,0.008,N,0.015,K,D*34
$GNGGA,035217.00,3353.65961,S,15111.82925,E,2,12,0.58,37.5,M,19.2,M,,0000*61
$GNGSA,A,3,04,11,14,22,31,32,01,03,25,26,23,16,1.01,0.58,0.83*1F
$GNGSA,A,3,77,78,82,76,68,66,67,,,,,,1.01,0.58,0.83*11
$GPGSV,4,1,14,01,51,274,39,03,37,224,44,04,48,318,46,11,33,295,48*76
$GPGSV,4,2,14,14,17,119,37,16,05,020,28,22,14,059,35,23,24,269,43*7C
$GPGSV,4,3,14,25,10,131,39,26,19,044,39,31,67,113,44,32,73,181,50*7A
$GPGSV,4,4,14,42,49,340,43,50,50,349,43*7E
$GLGSV,2,1,08,66,37,098,45,67,53,180,41,68,15,229,39,76,34,142,42*6F
$GLGSV,2,2,08,77,66,055,43,78,24,356,42,82,16,290,44,83,15,234,43*6E
$GNGLL,3353.65961,S,15111.82925,E,035217.00,A,D*67
$GNRMC,035218.00,A,3353.65962,S,15111.82925,E,0.006,,160715,,,D*70
$GNVTG,,T,,M,0.006,N,0.010,K,D*3F
$GNGGA,035218.00,3353.65962,S,15111.82925,E,2,12,0.58,37.5,M,19.2,M,,0000*6D
$GNGSA,A,3,04,11,14,22,31,32,01,03,25,26,23,16,1.01,0.58,0.83*1F
$GNGSA,A,3,77,78,82,76,68,66,67,,,,,,1.01,0.58,0.83*11
$GPGSV,4,1,14,01,51,274,39,03,37,224,44,04,48,318,46,11,33,295,47*79
$GPGSV,4,2,14,14,17,119,37,16,05,020,28,22,14,059,35,23,24,269,43*7C
$GPGSV,4,3,14,25,10,131,39,26,19,044,39,31,67,113,45,32,73,181,50*7B
$GPGSV,4,4,14,42,49,340,43,50,50,349,43*7E
$GLGSV,2,1,08,66,37,098,45,67,53,180,41,68,15,229,39,76,34,142,42*6F
$GLGSV,2,2,08,77,66,055,43,78,24,356,42,82,16,290,44,83,15,234,43*6E
$GNGLL,3353.65962,S,15111.82925,E,035218.00,A,D*6B
$GNRMC,035219.00,A,3353.65962,S,15111.82925,E,0.012,,160715,,,D*74
$GNVTG,,T,,M,0.012,N,0.022,K,D*3B
$GNGGA,035219.00,3353.65962,S,15111.82925,E,2,12,0.58,37.5,M,19.2,M,,0000*6C
$GNGSA,A,3,04,11,14,22,31,32,01,03,25,26,23,16,1.01,0.58,0.83*1F
$GNGSA,A,3,77,78,82,76,68,66,67,,,,,,1.01,0.58,0.83*11
$GPGSV,4,1,14,01,51,274,39,03,37,224,44,04,48,318,46,11,33,295,47*79
$GPGSV,4,2,14,14,17,119,38,16,05,020,27,22,14,059,36,23,24,269,43*7F
$GPGSV,4,3,14,25,10,131,38,26,19,044,39,31,67,113,45,32,73,181,50*7A
$GPGSV,4,4,14,42,49,340,44,50,50,349,43*79
$GLGSV,2,1,08,66,37,098,45,67,53,180,41,68,15,229,39,76,34,142,42*6F
$GLGSV,2,2,08,77,66,055,43,78,24,356,42,82,16,290,44,83,15,234,43*6E
$GNGLL,3353.65962,S,15111.82925,E,035219.00,A,D*6A
$GNRMC,035220.00,A,3353.65963,S,15111.82925,E,0.007,,160715,,,D*7B
$GNVTG,,T,,M,0.007,N,0.012,K,D*3C
$GNGGA,035220.00,3353.65963,S,15111.82925,E,2,12,0.58,37.4,M,19.2,M,,0000*66
$GNGSA,A,3,04,11,14,22,31,32,01,03,25,26,23,16,1.01,0.58,0.83*1F
$GNGSA,A,3,77,78,82,76,68,66,67,,,,,,1.01,0.58,0.83*11
$GPGSV,4,1,14,01,51,274,39,03,37,224,44,04,48,318,46,11,33,295,47*79
$GPGSV,4,2,14,14,17,119,37,16,05,020,28,22,14,059,36,23,24,269,42*7E
$GPGSV,4,3,14,25,10,131,38,26,19,044,39,31,67,113,45,32,73,181,50*7A
$GPGSV,4,4,14,42,49,340,43,50,50,349,43*7E
$GLGSV,2,1,08,66,37,098,45,67,53,180,41,68,15,229,39,76,34,142,42*6F
$GLGSV,2,2,08,77,66,055,43,78,24,356,42,82,16,290,43,83,15,234,43*69
$GNGLL,3353.65963,S,15111.82925,E,035220.00,A,D*61
$GNRMC,035221.00,A,3353.65965,S,15111.82927,E,0.007,,160715,,,D*7E
$GNVTG,,T,,M,0.007,N,0.012,K,D*3C
$GNGGA,035221.00,3353.65965,S,15111.82927,E,2,12,0.58,37.4,M,19.2,M,,0000*63
$GNGSA,A,3,04,11,14,22,31,32,01,03,25,26,23,16,1.01,0.58,0.83*1F
$GNGSA,A,3,77,78,82,76,68,66,67,,,,,,1.01,0.58,0.83*11
$GPGSV,4,1,14,01,51,274,38,03,37,224,44,04,48,318,46,11,33,295,47*78
$GPGSV,4,2,14,14,17,119,38,16,05,020,28,22,14,059,36,23,24,269,42*71
$GPGSV,4,3,14,25,10,131,37,26,19,044,39,31,67,113,45,32,73,181,50*75
$GPGSV,4,4,14,42,49,340,43,50,50,349,43*7E
$GLGSV,2,1,08,66,37,098,45,67,53,180,41,68,15,229,39,76,34,142,42*6F
$GLGSV,2,2,08,77,66,055,43,78,24,356,42,82,16,290,43,83,15,234,43*69
$GNGLL,3353.65965,S,15111.82927,E,035221.00,A,D*64
$GNRMC,035222.00,A,3353.65965,S,15111.82928,E,0.001,,160715,,,D*74
$GNVTG,,T,,M,0.001,N,0.002,K,D*3B
$GNGGA,035222.00,3353.65965,S,15111.82928,E,2,12,0.58,37.3,M,19.2,M,,0000*68
$GNGSA,A,3,04,11,14,22,31,32,01,03,25,26,23,16,1.01,0.58,0.83*1F
$GNGSA,A,3,77,78,82,76,68,66,67,,,,,,1.01,0.58,0.83*11
$GPGSV,4,1,14,01,51,274,38,03,37,224,44,04,48,318,46,11,33,295,47*78
$GPGSV,4,2,14,14,17,119,37,16,05,020,28,22,14,059,36,23,24,269,42*7E
$GPGSV,4,3,14,25,10,131,37,26,19,044,39,31,67,113,45,32,73,181,50*75
$GPGSV,4,4,14,42,49,340,43,50,50,349,43*7E
$GLGSV,2,1,08,66,37,098,46,67,53,180,41,68,15,229,39,76,34,142,41*6F
$GLGSV,2,2,08,77,66,055,43,78,24,356,42,82,16,290,43,83,15,234,43*69
$GNGLL,3353.65965,S,15111.82928,E,035222.00,A,D*68
$GNRMC,035223.00,A,3353.65966,S,15111.82930,E,0.005,,160715,,,D*7B
$GNVTG,,T,,M,0.005,N,0.010,K,D*3C
$GNGGA,035223.00,3353.65966,S,15111.82930,E,2,12,0.58,37.2,M,19.2,M,,0000*62
$GNGSA,A,3,04,11,14,22,31,32,01,03,25,26,23,16,1.01,0.58,0.83*1F
$GNGSA,A,3,77,78,82,76,68,66,67,,,,,,1.01,0.58,0.83*11
$GPGSV,4,1,14,01,51,274,38,03,37,224,44,04,48,318,46,11,33,295,47*78
$GPGSV,4,2,14,14,17,119,38,16,05,020,29,22,14,059,36,23,24,269,42*70
$GPGSV,4,3,14,25,10,131,37,26,19,044,39,31,67,113,45,32,73,181,50*75
$GPGSV,4,4,14,42,49,340,43,50,50,349,43*7E
$GLGSV,2,1,08,66,37,098,45,67,53,180,41,68,15,229,39,76,34,142,42*6F
$GLGSV,2,2,08,77,66,055,43,78,24,356,42,82,16,290,43,83,15,234,42*68
$GNGLL,3353.65966,S,15111.82930,E,035223.00,A,D*63
$GNRMC,035224.00,A,3353.65967,S,15111.82932,E,0.008,,160715,,,D*72
$GNVTG,,T,,M,0.008,N,0.014,K,D*35
$GNGGA,035224.00,3353.65967,S,15111.82932,E,2,12,0.58,37.1,M,19.2,M,,0000*65
$GNGSA,A,3,04,11,14,22,31,32,01,03,25,26,23,16,1.01,0.58,0.83*1F
$GNGSA,A,3,77,78,82,76,68,66,67,,,,,,1.01,0.58,0.83*11
$GPGSV,4,1,14,01,51,274,38,03,37,224,44,04,48,318,46,11,33,295,47*78
$GPGSV,4,2,14,14,17,119,38,16,05,020,29,22,14,059,36,23,24,269,42*70
$GPGSV,4,3,14,25,10,131,37,26,19,044,39,31,67,113,45,32,73,181,50*75
$GPGSV,4,4,14,42,49,340,43,50,50,349,43*7E
$GLGSV,2,1,08,66,37,098,45,67,53,180,41,68,15,229,39,76,34,142,41*6C
$GLGSV,2,2,08,77,66,055,43,78,24,356,42,82,16,290,44,83,15,234,43*6E
$GNGLL,3353.65967,S,15111.82932,E,035224.00,A,D*67
$GNRMC,035225.00,A,3353.65969,S,15111.82934,E,0.007,,160715,,,D*74
$GNVTG,,T,,M,0.007,N,0.012,K,D*3C
$GNGGA,035225.00,3353.65969,S,15111.82934,E,2,12,0.58,37.1,M,19.2,M,,0000*6C
$GNGSA,A,3,04,11,14,22,31,32,01,03,25,26,23,16,1.01,0.58,0.83*1F
$GNGSA,A,3,77,78,82,76,68,66,67,,,,,,1.01,0.58,0.83*11
$GPGSV,4,1,14,01,51,274,38,03,37,224,44,04,48,318,46,11,33,295,47*78
$GPGSV,4,2,14,14,17,119,38,16,05,020,30,22,14,059,36,23,24,269,42*78
$GPGSV,4,3,14,25,10,131,37,26,19,044,39,31,67,113,45,32,73,181,50*75
$GPGSV,4,4,14,42,49,340,43,50,50,349,43*7E
$GLGSV,2,1,08,66,37,098,46,67,53,180,41,68,15,229,39,76,34,142,41*6F
$GLGSV,2,2,08,77,66,055,43,78,24,356,42,82,16,290,44,83,15,234,43*6E
$GNGLL,3353.65969,S,15111.82934,E,035225.00,A,D*6E
$GNRMC,035226.00,A,3353.65970,S,15111.82936,E,0.001,,160715,,,D*7B
$GNVTG,,T,,M,0.001,N,0.002,K,D*3B
$GNGGA,035226.00,3353.65970,S,15111.82936,E,2,12,0.58,37.0,M,19.2,M,,0000*64
$GNGSA,A,3,04,11,14,22,31,32,01,03,25,26,23,16,1.01,0.58,0.83*1F
$GNGSA,A,3,77,78,82,76,68,66,67,,,,,,1.01,0.58,0.83*11
$GPGSV,4,1,14,01,51,274,38,03,37,224,44,04,48,318,46,11,33,295,47*78
$GPGSV,4,2,14,14,17,119,38,16,05,020,31,22,14,059,37,23,24,269,42*78
$GPGSV,4,3,14,25,10,131,37,26,19,044,39,31,67,113,45,32,73,181,50*75
$GPGSV,4,4,14,42,49,340,43,50,50,349,43*7E
$GLGSV,2,1,08,66,37,098,46,67,53,180,41,68,15,229,39,76,33,143,41*69
$GLGSV,2,2,08,77,66,055,43,78,24,356,42,82,16,290,44,83,15,234,43*6E
$GNGLL,3353.65970,S,15111.82936,E,035226.00,A,D*67
$GNRMC,035227.00,A,3353.65971,S,15111.82938,E,0.015,,160715,,,D*70
$GNVTG,,T,,M,0.015,N,0.028,K,D*36
$GNGGA,035227.00,3353.65971,S,15111.82938,E,2,12,0.58,36.9,M,19.2,M,,0000*62
$GNGSA,A,3,04,11,14,22,31,32,01,03,25,26,23,16,1.01,0.58,0.83*1F
$GNGSA,A,3,77,78,82,76,68,66,67,,,,,,1.01,0.58,0.83*11
$GPGSV,4,1,14,01,51,274,38,03,37,224,44,04,48,318,46,11,33,295,47*78
$GPGSV,4,2,14,14,17,119,38,16,05,020,31,22,14,059,37,23,24,269,42*78
$GPGSV,4,3,14,25,10,131,36,26,19,044,39,31,67,113,45,32,73,181,50*74
$GPGSV,4,4,14,42,49,340,43,50,50,349,43*7E
$GLGSV,2,1,08,66,37,098,46,67,53,180,41,68,15,229,39,76,33,143,42*6A
$GLGSV,2,2,08,77,66,056,43,78,24,356,42,82,16,290,44,83,15,234,43*6D
$GNGLL,3353.65971,S,15111.82938,E,035227.00,A,D*69
$GNRMC,035228.00,A,3353.65971,S,15111.82939,E,0.005,,160715,,,D*7F
$GNVTG,,T,,M,0.005,N,0.010,K,D*3C
$GNGGA,035228.00,3353.65971,S,15111.82939,E,2,12,0.58,36.8,M,19.2,M,,0000*6D
$GNGSA,A,3,04,11,14,22,31,32,01,03,25,26,23,16,1.01,0.58,0.83*1F
$GNGSA,A,3,77,78,82,76,68,66,67,,,,,,1.01,0.58,0.83*11
$GPGSV,4,1,14,01,51,274,38,03,37,224,44,04,48,318,46,11,33,295,47*78
$GPGSV,4,2,14,14,17,119,38,16,05,020,31,22,14,059,37,23,24,269,42*78
$GPGSV,4,3,14,25,10,131,36,26,19,044,39,31,67,113,45,32,73,181,50*74
$GPGSV,4,4,14,42,49,340,43,50,50,349,43*7E
$GLGSV,2,1,08,66,37,098,46,67,53,180,41,68,15,229,39,76,33,143,42*6A
$GLGSV,2,2,08,77,66,056,43,78,24,356,42,82,16,290,43,83,15,234,43*6A
$GNGLL,3353.65971,S,15111.82939,E,035228.00,A,D*67
$GNRMC,035229.00,A,3353.65971,S,15111.82941,E,0.009,,160715,,,D*7D
$GNVTG,,T,,M,0.009,N,0.017,K,D*37
$GNGGA,035229.00,3353.65971,S,15111.82941,E,2,12,0.58,36.7,M,19.2,M,,0000*6C
$GNGSA,A,3,04,11,14,22,31,32,01,03,25,26,23,16,1.01,0.58,0.83*1F
$GNGSA,A,3,77,78,82,76,68,66,67,,,,,,1.01,0.58,0.83*11
$GPGSV,4,1,14,01,51,274,38,03,37,224,44,04,48,318,46,11,33,295,47*78
$GPGSV,4,2,14,14,17,119,38,16,05,020,31,22,14,059,37,23,24,269,42*78
$GPGSV,4,3,14,25,10,131,36,26,19,044,39,31,67,113,45,32,73,181,50*74
$GPGSV,4,4,14,42,49,340,43,50,50,349,43*7E
$GLGSV,2,1,08,66,37,098,46,67,53,180,41,68,15,229,39,76,33,143,42*6A
$GLGSV,2,2,08,77,66,056,43,78,24,356,42,82,16,290,43,83,15,234,43*6A
$GNGLL,3353.65971,S,15111.82941,E,035229.00,A,D*69
$GNRMC,035230.00,A,3353.65971,S,15111.82944,E,0.008,,160715,,,D*71
$GNVTG,,T,,M,0.008,N,0.014,K,D*35
$GNGGA,035230.00,3353.65971,S,15111.82944,E,2,12,0.58,36.6,M,19.2,M,,0000*60
$GNGSA,A,3,04,11,14,22,31,32,01,03,25,26,23,16,1.01,0.58,0.83*1F
$GNGSA,A,3,77,78,82,76,68,66,67,,,,,,1.01,0.58,0.83*11
$GPGSV,4,1,14,01,51,274,38,03,37,224,45,04,48,318,46,11,33,295,47*79
$GPGSV,4,2,14,14,17,119,38,16,05,020,31,22,14,059,37,23,24,269,42*78
$GPGSV,4,3,14,25,10,131,36,26,19,044,39,31,67,113,45,32,73,181,50*74
$GPGSV,4,4,14,42,49,340,43,50,50,349,43*7E
$GLGSV,2,1,08,66,37,098,46,67,53,180,41,68,15,229,39,76,33,143,42*6A
$GLGSV,2,2,08,77,66,056,43,78,24,356,42,82,16,290,43,83,15,234,43*6A
$GNGLL,3353.65971,S,15111.82944,E,035230.00,A,D*64
$GNRMC,035231.00,A,3353.65972,S,15111.82947,E,0.015,,160715,,,D*7C
$GNVTG,,T,,M,0.015,N,0.028,K,D*36
$GNGGA,035231.00,3353.65972,S,15111.82947,E,2,12,0.58,36.5,M,19.2,M,,0000*62
$GNGSA,A,3,04,11,14,22,31,32,01,03,25,26,23,16,1.01,0.58,0.83*1F
$GNGSA,A,3,77,78,82,76,68,66,67,,,,,,1.01,0.58,0.83*11
$GPGSV,4,1,14,01,51,274,38,03,37,224,45,04,48,318,46,11,33,295,47*79
$GPGSV,4,2,14,14,17,119,38,16,05,020,31,22,14,059,37,23,24,269,42*78
$GPGSV,4,3,14,25,10,131,36,26,19,044,39,31,67,113,45,32,73,181,50*74
$GPGSV,4,4,14,42,49,340,43,50,50,349,43*7E
$GLGSV,2,1,08,66,37,098,46,67,53,180,41,68,15,229,39,76,33,143,42*6A
$GLGSV,2,2,08,77,66,056,43,78,24,356,42,82,16,290,43,83,15,234,43*6A
$GNGLL,3353.65972,S,15111.82947,E,035231.00,A,D*65
$GNRMC,035232.00,A,3353.65971,S,15111.82950,E,0.007,,160715,,,D*79
$GNVTG,,T,,M,0.007,N,0.013,K,D*3D
$GNGGA,035232.00,3353.65971,S,15111.82950,E,2,12,0.58,36.5,M,19.2,M,,0000*64
$GNGSA,A,3,04,11,14,22,31,32,01,03,25,26,23,16,1.01,0.58,0.83*1F
$GNGSA,A,3,77,78,82,76,68,66,67,,,,,,1.01,0.58,0.83*11
$GPGSV,4,1,14,01,51,274,38,03,37,224,45,04,48,318,46,11,33,295,47*79
$GPGSV,4,2,14,14,17,119,39,16,05,020,31,22,14,059,37,23,24,269,42*79
$GPGSV,4,3,14,25,10,131,36,26,19,044,39,31,67,113,45,32,73,181,49*7C
$GPGSV,4,4,14,42,49,340,43,50,50,349,43*7E
$GLGSV,2,1,08,66,37,098,46,67,53,180,41,68,15,229,39,76,33,143,42*6A
$GLGSV,2,2,08,77,66,056,43,78,24,356,42,82,15,290,43,83,15,234,43*69
$GNGLL,3353.65971,S,15111.82950,E,035232.00,A,D*63
$GNRMC,035233.00,A,3353.65971,S,15111.82953,E,0.012,,160715,,,D*7F
$GNVTG,,T,,M,0.012,N,0.023,K,D*3A
$GNGGA,035233.00,3353.65971,S,15111.82953,E,2,12,0.58,36.4,M,19.2,M,,0000*67
$GNGSA,A,3,04,11,14,22,31,32,01,03,25,26,23,16,1.01,0.58,0.83*1F
$GNGSA,A,3,77,78,82,76,68,66,67,,,,,,1.01,0.58,0.83*11
$GPGSV,4,1,14,01,51,274,38,03,37,224,45,04,48,318,46,11,33,295,47*79
$GPGSV,4,2,14,14,17,119,39,16,05,020,31,22,14,059,37,23,24,269,42*79
$GPGSV,4,3,14,25,10,131,36,26,19,044,39,31,67,113,45,32,73,181,49*7C
$GPGSV,4,4,14,42,49,340,43,50,50,349,43*7E
$GLGSV,2,1,08,66,37,098,47,67,53,180,41,68,15,229,39,76,33,143,42*6B
$GLGSV,2,2,08,77,66,056,43,78,24,356,42,82,15,290,43,83,15,234,43*69
$GNGLL,3353.65971,S,15111.82953,E,035233.00,A,D*61
$GNRMC,035234.00,A,3353.65970,S,15111.82955,E,0.010,,160715,,,D*7D
$GNVTG,,T,,M,0.010,N,0.018,K,D*30
$GNGGA,035234.00,3353.65970,S,15111.82955,E,2,12,0.58,36.3,M,19.2,M,,0000*60
$GNGSA,A,3,04,11,14,22,31,32,01,03,25,26,23,16,1.01,0.58,0.83*1F
$GNGSA,A,3,77,78,82,76,68,66,67,,,,,,1.01,0.58,0.83*11
$GPGSV,4,1,14,01,51,274,38,03,37,224,45,04,48,318,46,11,33,295,47*79
$GPGSV,4,2,14,14,17,119,39,16,05,020,31,22,14,059,37,23,24,269,42*79
$GPGSV,4,3,14,25,10,131,35,26,19,044,39,31,67,113,44,32,73,181,49*7E
$GPGSV,4,4,14,42,49,340,43,50,50,349,43*7E
$GLGSV,2,1,08,66,37,098,47,67,53,180,41,68,15,229,39,76,33,143,42*6B
$GLGSV,2,2,08,77,66,056,43,78,24,356,42,82,15,290,44,83,15,234,43*6E
$GNGLL,3353.65970,S,15111.82955,E,035234.00,A,D*61
$GNRMC,035235.00,A,3353.65970,S,15111.82957,E,0.003,,160715,,,D*7C
$GNVTG,,T,,M,0.003,N,0.006,K,D*3D
$GNGGA,035235.00,3353.65970,S,15111.82957,E,2,12,0.58,36.3,M,19.2,M,,0000*63
$GNGSA,A,3,04,11,14,22,31,32,01,03,25,26,23,16,1.01,0.58,0.83*1F
$GNGSA,A,3,77,78,82,76,68,66,67,,,,,,1.01,0.58,0.83*11
$GPGSV,4,1,14,01,51,274,38,03,37,224,45,04,48,318,46,11,33,295,47*79
$GPGSV,4,2,14,14,17,119,39,16,05,020,31,22,14,059,37,23,24,269,42*79
$GPGSV,4,3,14,25,10,131,35,26,19,044,39,31,67,113,44,32,73,181,49*7E
$GPGSV,4,4,14,42,49,340,43,50,50,349,43*7E
$GLGSV,2,1,08,66,37,098,47,67,53,180,41,68,15,229,39,76,33,143,42*6B
$GLGSV,2,2,08,77,66,056,43,78,24,356,42,82,15,290,44,83,15,234,43*6E
$GNGLL,3353.65970,S,15111.82957,E,035235.00,A,D*62
$GNRMC,035236.00,A,3353.65969,S,15111.82959,E,0.002,,160715,,,D*78
$GNVTG,,T,,M,0.002,N,0.003,K,D*39
$GNGGA,035236.00,3353.65969,S,15111.82959,E,2,12,0.58,36.3,M,19.2,M,,0000*66
$GNGSA,A,3,04,11,14,22,31,32,01,03,25,26,23,16,1.01,0.58,0.83*1F
$GNGSA,A,3,77,78,82,76,68,66,67,,,,,,1.01,0.58,0.83*11
$GPGSV,4,1,14,01,51,274,38,03,37,224,45,04,48,318,46,11,33,295,47*79
$GPGSV,4,2,14,14,17,119,39,16,05,020,31,22,14,059,37,23,24,269,42*79
$GPGSV,4,3,14,25,10,131,35,26,19,044,39,31,67,113,44,32,73,181,49*7E
$GPGSV,4,4,14,42,49,340,43,50,50,349,43*7E
$GLGSV,2,1,08,66,37,098,47,67,53,180,41,68,15,229,39,76,33,143,42*6B
$GLGSV,2,2,08,77,66,056,43,78,24,356,42,82,15,290,43,83,15,234,42*68
$GNGLL,3353.65969,S,15111.82959,E,035236.00,A,D*67
$GNRMC,035237.00,A,3353.65968,S,15111.82959,E,0.009,,160715,,,D*73
$GNVTG,,T,,M,0.009,N,0.017,K,D*37
$GNGGA,035237.00,3353.65968,S,15111.82959,E,2,12,0.58,36.2,M,19.2,M,,0000*67
$GNGSA,A,3,04,11,14,22,31,32,01,03,25,26,23,16,1.01,0.58,0.83*1F
$GNGSA,A,3,77,78,82,76,68,66,67,,,,,,1.01,0.58,0.83*11
$GPGSV,4,1,14,01,51,274,38,03,37,224,45,04,48,318,46,11,33,295,47*79
$GPGSV,4,2,14,14,17,119,40,16,05,020,31,22,14,059,37,23,24,269,42*77
$GPGSV,4,3,14,25,10,131,35,26,19,044,39,31,67,113,45,32,73,181,49*7F
$GPGSV,4,4,14,42,49,340,43,50,50,349,43*7E
$GLGSV,2,1,08,66,37,098,47,67,53,180,41,68,15,229,39,76,33,143,42*6B
$GLGSV,2,2,08,77,66,056,43,78,24,356,42,82,15,290,43,83,15,234,43*69
$GNGLL,3353.65968,S,15111.82959,E,035237.00,A,D*67
$GNRMC,035238.00,A,3353.65967,S,15111.82960,E,0.004,,160715,,,D*74
$GNVTG,,T,,M,0.004,N,0.008,K,D*34
$GNGGA,035238.00,3353.65967,S,15111.82960,E,2,12,0.58,36.2,M,19.2,M,,0000*6D
$GNGSA,A,3,04,11,14,22,31,32,01,03,25,26,23,16,1.01,0.58,0.83*1F
$GNGSA,A,3,77,78,82,76,68,66,67,,,,,,1.01,0.58,0.83*11
$GPGSV,4,1,14,01,51,274,38,03,37,224,45,04,48,318,46,11,33,295,47*79
$GPGSV,4,2,14,14,17,119,40,16,05,020,31,22,14,059,37,23,24,269,42*77
$GPGSV,4,3,14,25,10,131,35,26,19,044,39,31,67,113,45,32,73,181,49*7F
$GPGSV,4,4,14,42,49,340,43,50,50,349,43*7E
$GLGSV,2,1,08,66,37,098,47,67,53,180,41,68,15,229,39,76,33,143,42*6B
$GLGSV,2,2,08,77,66,056,43,78,24,356,42,82,15,290,43,83,15,234,43*69
$GNGLL,3353.65967,S,15111.82960,E,035238.00,A,D*6D
$GNRMC,035239.00,A,3353.65966,S,15111.82962,E,0.005,,160715,,,D*77
$GNVTG,,T,,M,0.005,N,0.010,K,D*3C
$GNGGA,035239.00,3353.65966,S,15111.82962,E,2,12,0.58,36.2,M,19.2,M,,0000*6F
$GNGSA,A,3,04,11,14,22,31,32,01,03,25,26,23,16,1.01,0.58,0.83*1F
$GNGSA,A,3,77,78,82,76,68,66,67,,,,,,1.01,0.58,0.83*11
$GPGSV,4,1,14,01,51,275,38,03,37,224,45,04,48,318,46,11,33,295,47*78
$GPGSV,4,2,14,14,17,119,40,16,05,020,31,22,14,059,37,23,24,269,42*77
$GPGSV,4,3,14,25,10,131,35,26,19,044,39,31,67,113,45,32,73,181,49*7F
$GPGSV,4,4,14,42,49,340,43,50,50,349,43*7E
$GLGSV,2,1,08,66,37,098,47,67,53,180,41,68,15,229,39,76,33,143,42*6B
$GLGSV,2,2,08,77,66,056,43,78,24,356,42,82,15,290,44,83,15,234,43*6E
$GNGLL,3353.65966,S,15111.82962,E,035239.00,A,D*6F
$GNRMC,035240.00,A,3353.65965,S,15111.82963,E,0.005,,160715,,,D*7B
$GNVTG,,T,,M,0.005,N,0.010,K,D*3C
$GNGGA,035240.00,3353.65965,S,15111.82963,E,2,12,0.58,36.2,M,19.2,M,,0000*63
$GNGSA,A,3,04,11,14,22,31,32,01,03,25,26,23,16,1.01,0.58,0.83*1F
$GNGSA,A,3,77,78,82,76,68,66,67,,,,,,1.01,0.58,0.83*11
$GPGSV,4,1,14,01,51,275,38,03,37,224,45,04,48,318,46,11,33,295,47*78
$GPGSV,4,2,14,14,17,119,40,16,05,020,31,22,14,059,37,23,24,269,42*77
$GPGSV,4,3,14,25,10,131,35,26,19,044,39,31,67,113,45,32,73,181,49*7F
$GPGSV,4,4,14,42,49,340,43,50,50,349,43*7E
$GLGSV,2,1,08,66,37,098,47,67,53,180,41,68,15,229,39,76,33,143,42*6B
$GLGSV,2,2,08,77,66,056,43,78,24,356,42,82,15,290,44,83,15,234,43*6E
$GNGLL,3353.65965,S,15111.82963,E,035240.00,A,D*63
$GNRMC,035241.00,A,3353.65964,S,15111.82964,E,0.006,,160715,,,D*7F
$GNVTG,,T,,M,0.006,N,0.011,K,D*3E
$GNGGA,035241.00,3353.65964,S,15111.82964,E,2,12,0.58,36.1,M,19.2,M,,0000*67
$GNGSA,A,3,04,11,14,22,31,32,01,03,25,26,23,16,1.01,0.58,0.83*1F
$GNGSA,A,3,77,78,82,76,68,66,67,,,,,,1.01,0.58,0.83*11
$GPGSV,4,1,14,01,51,275,38,03,37,224,45,04,48,318,46,11,33,295,47*78
$GPGSV,4,2,14,14,17,119,40,16,05,020,31,22,14,059,37,23,24,269,42*77
$GPGSV,4,3,14,25,10,131,35,26,19,044,39,31,67,113,45,32,73,181,49*7F
$GPGSV,4,4,14,42,49,340,43,50,50,349,43*7E
$GLGSV,2,1,08,66,37,098,47,67,53,180,41,68,15,229,39,76,33,143,42*6B
$GLGSV,2,2,08,77,66,056,43,78,24,356,42,82,15,290,44,83,15,234,43*6E
$GNGLL,3353.65964,S,15111.82964,E,035241.00,A,D*64
$GNRMC,035242.00,A,3353.65963,S,15111.82965,E,0.008,,160715,,,D*74
$GNVTG,,T,,M,0.008,N,0.016,K,D*37
$GNGGA,035242.00,3353.65963,S,15111.82965,E,2,12,0.58,36.1,M,19.2,M,,0000*62
$GNGSA,A,3,04,11,14,22,31,32,01,03,25,26,23,16,1.01,0.58,0.83*1F
$GNGSA,A,3,77,78,82,76,68,66,67,,,,,,1.01,0.58,0.83*11
$GPGSV,4,1,14,01,51,275,38,03,37,224,45,04,48,319,46,11,33,295,47*79
$GPGSV,4,2,14,14,17,119,40,16,05,020,31,22,14,059,37,23,24,269,42*77
$GPGSV,4,3,14,25,10,131,35,26,19,044,39,31,67,113,45,32,73,181,50*77
$GPGSV,4,4,14,42,49,340,43,50,50,349,43*7E
$GLGSV,2,1,08,66,37,098,48,67,53,180,41,68,15,229,39,76,33,143,42*64
$GLGSV,2,2,08,77,66,056,43,78,24,356,42,82,15,290,44,83,15,234,43*6E
$GNGLL,3353.65963,S,15111.82965,E,035242.00,A,D*61
$GNRMC,035243.00,A,3353.65961,S,15111.82966,E,0.011,,160715,,,D*7C
$GNVTG,,T,,M,0.011,N,0.021,K,D*3B
$GNGGA,035243.00,3353.65961,S,15111.82966,E,2,12,0.58,36.1,M,19.2,M,,0000*62
$GNGSA,A,3,04,11,14,22,31,32,01,03,25,26,23,16,1.01,0.58,0.83*1F
$GNGSA,A,3,77,78,82,76,68,66,67,,,,,,1.01,0.58,0.83*11
$GPGSV,4,1,14,01,51,275,38,03,37,224,45,04,48,319,46,11,33,295,47*79
$GPGSV,4,2,14,14,17,119,40,16,05,020,31,22,14,059,37,23,24,269,42*77
$GPGSV,4,3,14,25,10,131,35,26,19,044,39,31,67,113,45,32,73,181,50*77
$GPGSV,4,4,14,42,49,340,43,50,50,349,43*7E
$GLGSV,2,1,08,66,37,098,48,67,53,180,41,68,15,229,39,76,33,143,42*64
$GLGSV,2,2,08,77,66,056,43,78,24,356,42,82,15,290,43,83,15,234,43*69
$GNGLL,3353.65961,S,15111.82966,E,035243.00,A,D*61
$GNRMC,035244.00,A,3353.65960,S,15111.82966,E,0.004,,160715,,,D*7E
$GNVTG,,T,,M,0.004,N,0.008,K,D*34
$GNGGA,035244.00,3353.65960,S,15111.82966,E,2,12,0.58,36.1,M,19.2,M,,0000*64
$GNGSA,A,3,04,11,14,22,31,32,01,03,25,26,23,16,1.01,0.58,0.83*1F
$GNGSA,A,3,77,78,82,76,68,66,67,,,,,,1.01,0.58,0.83*11
$GPGSV,4,1,14,01,51,275,38,03,37,224,45,04,48,319,46,11,33,295,47*79
$GPGSV,4,2,14,14,17,119,40,16,05,020,31,22,14,059,37,23,24,269,42*77
$GPGSV,4,3,14,25,10,131,35,26,19,044,39,31,67,113,45,32,73,181,50*77
$GPGSV,4,4,14,42,49,340,43,50,50,349,43*7E
$GLGSV,2,1,08,66,37,098,48,67,53,180,41,68,15,229,39,76,33,143,42*64
$GLGSV,2,2,08,77,66,056,43,78,24,356,42,82,15,290,43,83,15,234,43*69
$GNGLL,3353.65960,S,15111.82966,E,035244.00,A,D*67
$GNRMC,035245.00,A,3353.65959,S,15111.82967,E,0.005,,160715,,,D*75
$GNVTG,,T,,M,0.005,N,0.010,K,D*3C
$GNGGA,035245.00,3353.65959,S,15111.82967,E,2,12,0.58,36.0,M,19.2,M,,0000*6F
$GNGSA,A,3,04,11,14,22,31,32,01,03,25,26,23,16,1.01,0.58,0.83*1F
$GNGSA,A,3,77,78,82,76,68,66,67,,,,,,1.01,0.58,0.83*11
$GPGSV,4,1,14,01,51,275,38,03,37,224,45,04,48,319,46,11,33,295,47*79
$GPGSV,4,2,14,14,17,119,40,16,05,020,30,22,14,059,37,23,24,269,42*76
$GPGSV,4,3,14,25,10,131,35,26,19,044,39,31,67,113,45,32,73,181,50*77
$GPGSV,4,4,14,42,49,340,43,50,50,349,43*7E
$GLGSV,2,1,08,66,37,098,48,67,53,180,41,68,15,229,39,76,33,143,42*64
$GLGSV,2,2,08,77,66,056,43,78,24,356,42,82,15,290,43,83,15,234,43*69
$GNGLL,3353.65959,S,15111.82967,E,035245.00,A,D*6D
$GNRMC,035246.00,A,3353.65958,S,15111.82967,E,0.014,,160715,,,D*77
$GNVTG,,T,,M,0.014,N,0.026,K,D*39
$GNGGA,035246.00,3353.65958,S,15111.82967,E,2,12,0.58,36.0,M,19.2,M,,0000*6D
$GNGSA,A,3,04,11,14,22,31,32,01,03,25,26,23,16,1.01,0.58,0.83*1F
$GNGSA,A,3,77,78,82,76,68,66,67,,,,,,1.01,0.58,0.83*11
$GPGSV,4,1,14,01,51,275,38,03,37,224,45,04,48,319,46,11,33,295,47*79
$GPGSV,4,2,14,14,17,119,40,16,05,020,30,22,14,059,37,23,24,269,42*76
$GPGSV,4,3,14,25,10,131,35,26,19,044,39,31,67,113,45,32,73,181,50*77
$GPGSV,4,4,14,42,49,340,43,50,50,349,43*7E
$GLGSV,2,1,08,66,37,098,48,67,53,180,41,68,15,229,39,76,33,143,42*64
$GLGSV,2,2,08,77,66,056,43,78,24,356,42,82,15,290,43,83,15,234,42*68
$GNGLL,3353.65958,S,15111.82967,E,035246.00,A,D*6F
$GNRMC,035247.00,A,3353.65958,S,15111.82967,E,0.013,,160715,,,D*71
$GNVTG,,T,,M,0.013,N,0.025,K,D*3D
$GNGGA,035247.00,3353.65958,S,15111.82967,E,2,12,0.58,36.0,M,19.2,M,,0000*6C
$GNGSA,A,3,04,11,14,22,31,32,01,03,25,26,23,16,1.01,0.58,0.83*1F
$GNGSA,A,3,77,78,82,76,68,66,67,,,,,,1.01,0.58,0.83*11
$GPGSV,4,1,14,01,51,275,38,03,37,224,45,04,48,319,46,11,33,295,47*79
$GPGSV,4,2,14,14,17,119,40,16,05,020,30,22,14,059,36,23,24,269,42*77
$GPGSV,4,3,14,25,10,131,35,26,19,044,39,31,67,113,45,32,73,181,50*77
$GPGSV,4,4,14,42,49,340,43,50,50,349,43*7E
$GLGSV,2,1,08,66,37,098,49,67,53,180,41,68,15,229,39,76,33,143,42*65
$GLGSV,2,2,08,77,66,056,43,78,24,356,42,82,15,290,43,83,15,234,43*69
$GNGLL,3353.65958,S,15111.82967,E,035247.00,A,D*6E
$GNRMC,035248.00,A,3353.65957,S,15111.82966,E,0.008,,160715,,,D*7A
$GNVTG,,T,,M,0.008,N,0.015,K,D*34
$GNGGA,035248.00,3353.65957,S,15111.82966,E,2,12,0.58,35.9,M,19.2,M,,0000*67
$GNGSA,A,3,04,11,14,22,31,32,01,03,25,26,23,16,1.01,0.58,0.83*1F
$GNGSA,A,3,77,78,82,76,68,66,67,,,,,,1.01,0.58,0.83*11
$GPGSV,4,1,14,01,51,275,38,03,37,224,45,04,48,319,46,11,33,295,47*79
$GPGSV,4,2,14,14,17,119,40,16,05,020,29,22,14,059,37,23,24,269,42*7E
$GPGSV,4,3,14,25,10,131,36,26,19,044,39,31,67,113,45,32,73,181,50*74
$GPGSV,4,4,14,42,49,340,43,50,50,349,43*7E
$GLGSV,2,1,08,66,37,098,49,67,53,180,40,68,15,229,39,76,33,143,42*64
$GLGSV,2,2,08,77,66,056,43,78,24,356,42,82,15,290,43,83,15,234,43*69
$GNGLL,3353.65957,S,15111.82966,E,035248.00,A,D*6F
$GNRMC,035249.00,A,3353.65957,S,15111.82966,E,0.011,,160715,,,D*73
$GNVTG,,T,,M,0.011,N,0.020,K,D*3A
$GNGGA,035249.00,3353.65957,S,15111.82966,E,2,12,0.58,35.9,M,19.2,M,,0000*66
$GNGSA,A,3,04,11,14,22,31,32,01,03,25,26,23,16,1.01,0.58,0.83*1F
$GNGSA,A,3,77,78,82,76,68,66,67,,,,,,1.01,0.58,0.83*11
$GPGSV,4,1,14,01,51,275,38,03,37,224,45,04,48,319,46,11,33,295,47*79
$GPGSV,4,2,14,14,17,119,40,16,05,020,29,22,14,059,37,23,24,269,42*7E
$GPGSV,4,3,14,25,10,131,36,26,19,044,39,31,67,113,45,32,73,181,50*74
$GPGSV,4,4,14,42,49,340,43,50,50,349,43*7E
$GLGSV,2,1,08,66,37,098,49,67,53,180,40,68,15,229,39,76,33,143,42*64
$GLGSV,2,2,08,77,66,056,43,78,24,356,42,82,15,290,43,83,15,234,43*69
$GNGLL,3353.65957,S,15111.82966,E,035249.00,A,D*6E
$GNRMC,035250.00,A,3353.65956,S,15111.82966,E,0.003,,160715,,,D*79
$GNVTG,,T,,M,0.003,N,0.006,K,D*3D
$GNGGA,035250.00,3353.65956,S,15111.82966,E,2,12,0.58,35.9,M,19.2,M,,0000*6F
$GNGSA,A,3,04,11,14,22,31,32,01,03,25,26,23,16,1.01,0.58,0.83*1F
$GNGSA,A,3,77,78,82,76,68,66,67,,,,,,1.01,0.58,0.83*11
$GPGSV,4,1,14,01,51,275,38,03,37,224,45,04,48,319,46,11,33,295,47*79
$GPGSV,4,2,14,14,17,119,40,16,05,020,29,22,14,059,36,23,24,269,42*7F
$GPGSV,4,3,14,25,10,131,36,26,19,044,39,31,67,113,45,32,73,181,50*74
$GPGSV,4,4,14,42,49,340,43,50,50,349,43*7E
$GLGSV,2,1,08,66,37,098,49,67,53,180,40,68,15,229,39,76,33,143,42*64
$GLGSV,2,2,08,77,66,056,43,78,24,356,42,82,15,290,43,83,15,234,43*69
$GNGLL,3353.65956,S,15111.82966,E,035250.00,A,D*67
$GNRMC,035251.00,A,3353.65956,S,15111.82967,E,0.007,,160715,,,D*7D
$GNVTG,,T,,M,0.007,N,0.013,K,D*3D
$GNGGA,035251.00,3353.65956,S,15111.82967,E,2,12,0.58,35.9,M,19.2,M,,0000*6F
$GNGSA,A,3,04,11,14,22,31,32,01,03,25,26,23,16,1.01,0.58,0.83*1F
$GNGSA,A,3,77,78,82,76,68,66,67,,,,,,1.01,0.58,0.83*11
$GPGSV,4,1,14,01,51,275,38,03,37,224,45,04,48,319,46,11,33,295,47*79
$GPGSV,4,2,14,14,17,119,40,16,05,020,29,22,14,059,36,23,24,269,42*7F
$GPGSV,4,3,14,25,10,131,36,26,19,044,39,31,67,113,45,32,73,181,50*74
$GPGSV,4,4,14,42,49,340,43,50,50,349,43*7E
$GLGSV,2,1,08,66,37,098,49,67,53,180,40,68,15,229,39,76,33,143,42*64
$GLGSV,2,2,08,77,66,056,43,78,24,356,42,82,15,290,43,83,15,234,43*69
$GNGLL,3353.65956,S,15111.82967,E,035251.00,A,D*67
$GNRMC,035252.00,A,3353.65955,S,15111.82967,E,0.000,,160715,,,D*7A
$GNVTG,,T,,M,0.000,N,0.000,K,D*38
$GNGGA,035252.00,3353.65955,S,15111.82967,E,2,12,0.58,35.9,M,19.2,M,,0000*6F
$GNGSA,A,3,04,11,14,22,31,32,01,03,25,26,23,16,1.01,0.58,0.83*1F
$GNGSA,A,3,77,78,82,76,68,66,67,,,,,,1.01,0.58,0.83*11
$GPGSV,4,1,14,01,51,275,38,03,37,224,45,04,48,319,46,11,33,295,47*79
$GPGSV,4,2,14,14,17,119,40,16,05,020,29,22,14,059,36,23,24,269,42*7F
$GPGSV,4,3,14,25,10,131,36,26,19,044,39,31,67,113,45,32,73,181,50*74
$GPGSV,4,4,14,42,49,340,43,50,50,349,43*7E
$GLGSV,2,1,08,66,37,098,49,67,53,180,40,68,15,229,39,76,33,143,42*64
$GLGSV,2,2,08,77,66,056,43,78,24,356,41,82,15,290,43,83,15,234,42*6B
$GNGLL,3353.65955,S,15111.82967,E,035252.00,A,D*67
$GNRMC,035253.00,A,3353.65954,S,15111.82967,E,0.014,,160715,,,D*7F
$GNVTG,,T,,M,0.014,N,0.025,K,D*3A
$GNGGA,035253.00,3353.65954,S,15111.82967,E,2,12,0.58,35.9,M,19.2,M,,0000*6F
$GNGSA,A,3,04,11,14,22,31,32,01,03,25,26,23,16,1.01,0.58,0.83*1F
$GNGSA,A,3,77,78,82,76,68,66,67,,,,,,1.01,0.58,0.83*11
$GPGSV,4,1,14,01,51,275,38,03,37,224,45,04,48,319,46,11,33,295,47*79
$GPGSV,4,2,14,14,17,119,40,16,05,020,29,22,14,059,36,23,24,269,42*7F
$GPGSV,4,3,14,25,10,131,36,26,19,044,39,31,67,113,45,32,73,181,50*74
$GPGSV,4,4,14,42,49,340,43,50,50,349,43*7E
$GLGSV,2,1,08,66,37,098,49,67,53,180,40,68,15,229,38,76,33,143,42*65
$GLGSV,2,2,08,77,66,056,43,78,24,356,41,82,15,290,42,83,15,234,42*6A
$GNGLL,3353.65954,S,15111.82967,E,035253.00,A,D*67
$GNRMC,035254.00,A,3353.65953,S,15111.82968,E,0.011,,160715,,,D*75
$GNVTG,,T,,M,0.011,N,0.021,K,D*3B
$GNGGA,035254.00,3353.65953,S,15111.82968,E,2,12,0.58,35.9,M,19.2,M,,0000*60
$GNGSA,A,3,04,11,14,22,31,32,01,03,25,26,23,16,1.01,0.58,0.83*1F
$GNGSA,A,3,77,78,82,76,68,66,67,,,,,,1.01,0.58,0.83*11
$GPGSV,4,1,14,01,51,275,38,03,37,224,45,04,48,319,46,11,33,295,47*79
$GPGSV,4,2,14,14,17,119,40,16,05,020,30,22,14,059,36,23,24,269,42*77
$GPGSV,4,3,14,25,10,131,36,26,19,044,39,31,67,113,45,32,73,181,50*74
$GPGSV,4,4,14,42,49,340,43,50,50,349,43*7E
$GLGSV,2,1,08,66,37,098,50,67,53,180,40,68,15,229,38,76,33,143,42*6D
$GLGSV,2,2,08,77,66,056,43,78,24,356,42,82,15,290,43,83,15,234,42*68
$GNGLL,3353.65953,S,15111.82968,E,035254.00,A,D*68
$GNRMC,035255.00,A,3353.65952,S,15111.82968,E,0.004,,160715,,,D*71
$GNVTG,,T,,M,0.004,N,0.006,K,D*3A
$GNGGA,035255.00,3353.65952,S,15111.82968,E,2,12,0.58,35.9,M,19.2,M,,0000*60
$GNGSA,A,3,04,11,14,22,31,32,01,03,25,26,23,16,1.01,0.58,0.83*1F
$GNGSA,A,3,77,78,82,76,68,66,67,,,,,,1.01,0.58,0.83*11
$GPGSV,4,1,14,01,51,275,38,03,37,224,45,04,48,319,46,11,33,295,47*79
$GPGSV,4,2,14,14,17,119,40,16,05,020,30,22,14,059,36,23,24,269,42*77
$GPGSV,4,3,14,25,10,131,36,26,19,044,39,31,67,113,45,32,73,181,49*7C
$GPGSV,4,4,14,42,49,340,44,50,50,349,43*79
$GLGSV,2,1,08,66,37,098,50,67,53,180,40,68,15,229,38,76,33,143,42*6D
$GLGSV,2,2,08,77,66,056,43,78,24,356,42,82,15,290,43,83,15,234,42*68
$GNGLL,3353.65952,S,15111.82968,E,035255.00,A,D*68
